<?xml version="1.0" encoding="UTF-8"?>
<testng-results ignored="0" total="2" passed="2" failed="0" skipped="0">
  <reporter-output>
  </reporter-output>
  <suite started-at="2024-07-24T01:40:47 IST" name="Surefire suite" finished-at="2024-07-24T01:40:47 IST" duration-ms="565">
    <groups>
      <group name="cucumber">
        <method signature="AbstractTestNGCucumberTests.runScenario(io.cucumber.testng.PickleWrapper,io.cucumber.testng.FeatureWrapper)[pri:0, instance:TestRunner.CucumberTestRunnerTags@2f7298b]" name="runScenario" class="io.cucumber.testng.AbstractTestNGCucumberTests"/>
      </group> <!-- cucumber -->
    </groups>
    <test started-at="2024-07-24T01:40:47 IST" name="Surefire test" finished-at="2024-07-24T01:40:47 IST" duration-ms="565">
      <class name="TestRunner.CucumberTestRunnerTags">
        <test-method is-config="true" signature="setUpClass(org.testng.ITestContext)[pri:0, instance:TestRunner.CucumberTestRunnerTags@2f7298b]" started-at="2024-07-24T01:40:47 IST" name="setUpClass" finished-at="2024-07-24T01:40:47 IST" duration-ms="415" status="PASS">
          <params>
            <param index="0">
              <value>
                <![CDATA[org.testng.TestRunner@3e2822]]>
              </value>
            </param>
          </params>
          <reporter-output>
          </reporter-output>
        </test-method> <!-- setUpClass -->
        <test-method signature="runScenario(io.cucumber.testng.PickleWrapper,io.cucumber.testng.FeatureWrapper)[pri:0, instance:TestRunner.CucumberTestRunnerTags@2f7298b]" started-at="2024-07-24T01:40:47 IST" name="runScenario" description="Runs Cucumber Scenarios" data-provider="scenarios" finished-at="2024-07-24T01:40:47 IST" duration-ms="65" status="PASS">
          <params>
            <param index="0">
              <value>
                <![CDATA["Scenario 1 from the test1 feature"]]>
              </value>
            </param>
            <param index="1">
              <value>
                <![CDATA["This is Test1 feature"]]>
              </value>
            </param>
          </params>
          <reporter-output>
          </reporter-output>
        </test-method> <!-- runScenario -->
        <test-method signature="runScenario(io.cucumber.testng.PickleWrapper,io.cucumber.testng.FeatureWrapper)[pri:0, instance:TestRunner.CucumberTestRunnerTags@2f7298b]" started-at="2024-07-24T01:40:47 IST" name="runScenario" description="Runs Cucumber Scenarios" data-provider="scenarios" finished-at="2024-07-24T01:40:47 IST" duration-ms="6" status="PASS">
          <params>
            <param index="0">
              <value>
                <![CDATA["Scenario 3 from the test2 feature"]]>
              </value>
            </param>
            <param index="1">
              <value>
                <![CDATA["This is Test2 feature"]]>
              </value>
            </param>
          </params>
          <reporter-output>
          </reporter-output>
        </test-method> <!-- runScenario -->
        <test-method is-config="true" signature="tearDownClass()[pri:0, instance:TestRunner.CucumberTestRunnerTags@2f7298b]" started-at="2024-07-24T01:40:47 IST" name="tearDownClass" finished-at="2024-07-24T01:40:47 IST" duration-ms="36" status="PASS">
          <reporter-output>
          </reporter-output>
        </test-method> <!-- tearDownClass -->
      </class> <!-- TestRunner.CucumberTestRunnerTags -->
    </test> <!-- Surefire test -->
  </suite> <!-- Surefire suite -->
</testng-results>
